# JRE version: Java(TM) SE Runtime Environment (8.0_25-b17) (build 1.8.0_25-b17)
# Java VM: Java HotSpot(TM) 64-Bit Server VM (25.25-b02 mixed mode bsd-amd64 compressed oops)
Heap:
 PSYoungGen      total 141824K, used 25364K [0x000000076ab00000, 0x0000000774000000, 0x00000007c0000000)
  eden space 131072K, 19% used [0x000000076ab00000,0x000000076c3c5100,0x0000000772b00000)
  from space 10752K, 0% used [0x0000000773580000,0x0000000773580000,0x0000000774000000)
  to   space 10752K, 0% used [0x0000000772b00000,0x0000000772b00000,0x0000000773580000)
 ParOldGen       total 121856K, used 11150K [0x00000006c0000000, 0x00000006c7700000, 0x000000076ab00000)
  object space 121856K, 9% used [0x00000006c0000000,0x00000006c0ae38e0,0x00000006c7700000)
 Metaspace       used 23293K, capacity 24102K, committed 24192K, reserved 1071104K
  class space    used 3216K, capacity 3394K, committed 3456K, reserved 1048576K
GC Heap History (6 events):
Event: 1.149 GC heap before
{Heap before GC invocations=1 (full 0):
 PSYoungGen      total 76288K, used 65536K [0x000000076ab00000, 0x0000000770000000, 0x00000007c0000000)
  eden space 65536K, 100% used [0x000000076ab00000,0x000000076eb00000,0x000000076eb00000)
  from space 10752K, 0% used [0x000000076f580000,0x000000076f580000,0x0000000770000000)
  to   space 10752K, 0% used [0x000000076eb00000,0x000000076eb00000,0x000000076f580000)
 ParOldGen       total 175104K, used 0K [0x00000006c0000000, 0x00000006cab00000, 0x000000076ab00000)
  object space 175104K, 0% used [0x00000006c0000000,0x00000006c0000000,0x00000006cab00000)
 Metaspace       used 16274K, capacity 16724K, committed 16896K, reserved 1064960K
  class space    used 2098K, capacity 2215K, committed 2304K, reserved 1048576K
Event: 1.162 GC heap after
Heap after GC invocations=1 (full 0):
 PSYoungGen      total 76288K, used 8586K [0x000000076ab00000, 0x0000000774000000, 0x00000007c0000000)
  eden space 65536K, 0% used [0x000000076ab00000,0x000000076ab00000,0x000000076eb00000)
  from space 10752K, 79% used [0x000000076eb00000,0x000000076f3629c0,0x000000076f580000)
  to   space 10752K, 0% used [0x0000000773580000,0x0000000773580000,0x0000000774000000)
 ParOldGen       total 175104K, used 8K [0x00000006c0000000, 0x00000006cab00000, 0x000000076ab00000)
  object space 175104K, 0% used [0x00000006c0000000,0x00000006c0002000,0x00000006cab00000)
 Metaspace       used 16274K, capacity 16724K, committed 16896K, reserved 1064960K
  class space    used 2098K, capacity 2215K, committed 2304K, reserved 1048576K
}
Event: 1.712 GC heap before
{Heap before GC invocations=2 (full 0):
 PSYoungGen      total 76288K, used 45686K [0x000000076ab00000, 0x0000000774000000, 0x00000007c0000000)
  eden space 65536K, 56% used [0x000000076ab00000,0x000000076cf3b1d0,0x000000076eb00000)
  from space 10752K, 79% used [0x000000076eb00000,0x000000076f3629c0,0x000000076f580000)
  to   space 10752K, 0% used [0x0000000773580000,0x0000000773580000,0x0000000774000000)
 ParOldGen       total 175104K, used 8K [0x00000006c0000000, 0x00000006cab00000, 0x000000076ab00000)
  object space 175104K, 0% used [0x00000006c0000000,0x00000006c0002000,0x00000006cab00000)
 Metaspace       used 20689K, capacity 21192K, committed 21296K, reserved 1067008K
  class space    used 2808K, capacity 2941K, committed 2944K, reserved 1048576K
Event: 1.725 GC heap after
Heap after GC invocations=2 (full 0):
 PSYoungGen      total 141824K, used 10727K [0x000000076ab00000, 0x0000000774000000, 0x00000007c0000000)
  eden space 131072K, 0% used [0x000000076ab00000,0x000000076ab00000,0x0000000772b00000)
  from space 10752K, 99% used [0x0000000773580000,0x0000000773ff9ed8,0x0000000774000000)
  to   space 10752K, 0% used [0x0000000772b00000,0x0000000772b00000,0x0000000773580000)
 ParOldGen       total 175104K, used 590K [0x00000006c0000000, 0x00000006cab00000, 0x000000076ab00000)
  object space 175104K, 0% used [0x00000006c0000000,0x00000006c0093960,0x00000006cab00000)
 Metaspace       used 20689K, capacity 21192K, committed 21296K, reserved 1067008K
  class space    used 2808K, capacity 2941K, committed 2944K, reserved 1048576K
}
Event: 1.725 GC heap before
{Heap before GC invocations=3 (full 1):
 PSYoungGen      total 141824K, used 10727K [0x000000076ab00000, 0x0000000774000000, 0x00000007c0000000)
  eden space 131072K, 0% used [0x000000076ab00000,0x000000076ab00000,0x0000000772b00000)
  from space 10752K, 99% used [0x0000000773580000,0x0000000773ff9ed8,0x0000000774000000)
  to   space 10752K, 0% used [0x0000000772b00000,0x0000000772b00000,0x0000000773580000)
 ParOldGen       total 175104K, used 590K [0x00000006c0000000, 0x00000006cab00000, 0x000000076ab00000)
  object space 175104K, 0% used [0x00000006c0000000,0x00000006c0093960,0x00000006cab00000)
 Metaspace       used 20689K, capacity 21192K, committed 21296K, reserved 1067008K
  class space    used 2808K, capacity 2941K, committed 2944K, reserved 1048576K
Event: 1.786 GC heap after
Heap after GC invocations=3 (full 1):
 PSYoungGen      total 141824K, used 0K [0x000000076ab00000, 0x0000000774000000, 0x00000007c0000000)
  eden space 131072K, 0% used [0x000000076ab00000,0x000000076ab00000,0x0000000772b00000)
  from space 10752K, 0% used [0x0000000773580000,0x0000000773580000,0x0000000774000000)
  to   space 10752K, 0% used [0x0000000772b00000,0x0000000772b00000,0x0000000773580000)
 ParOldGen       total 121856K, used 11150K [0x00000006c0000000, 0x00000006c7700000, 0x000000076ab00000)
  object space 121856K, 9% used [0x00000006c0000000,0x00000006c0ae38e0,0x00000006c7700000)
 Metaspace       used 20688K, capacity 21190K, committed 21296K, reserved 1067008K
  class space    used 2807K, capacity 2940K, committed 2944K, reserved 1048576K
}

